#
# A fatal error has been detected by the Java Runtime Environment:
#
#  Internal Error (javaClasses.cpp:129), pid=10431, tid=3064310592
#  fatal error: Invalid layout of preloaded class
#
# JRE version: 7.0_25-b30
# Java VM: OpenJDK Client VM (23.7-b01 mixed mode linux-x86 )
# Failed to write core dump. Core dumps have been disabled. To enable core dumping, try "ulimit -c unlimited" before starting Java again
#
# If you would like to submit a bug report, please include
# instructions on how to reproduce the bug and visit:
#   https://bugs.launchpad.net/ubuntu/+source/openjdk-7/
#

---------------  T H R E A D  ---------------

Current thread (0xb6905400):  JavaThread "Unknown thread" [_thread_in_vm, id=10440, stack(0xb6a0a000,0xb6a5b000)]

Stack: [0xb6a0a000,0xb6a5b000]

---------------  P R O C E S S  ---------------

Java Threads: ( => current thread )

Other Threads:

=>0xb6905400 (exited) JavaThread "Unknown thread" [_thread_in_vm, id=10440, stack(0xb6a0a000,0xb6a5b000)]

VM state:not at safepoint (not fully initialized)

VM Mutex/Monitor currently owned by a thread: None

GC Heap History (0 events):
No events

Deoptimization events (0 events):
No events

Internal exceptions (0 events):
No events

Events (10 events):
Event: 0.351 loading class 0xb692d028 done
Event: 0.352 loading class 0xb692c968 done
Event: 0.352 loading class 0xb692c940
Event: 0.480 loading class 0xb694ce30
Event: 0.481 loading class 0xb694ce30 done
Event: 0.481 loading class 0xb694ce68
Event: 0.481 loading class 0xb694ce68 done
Event: 0.481 loading class 0xb694cea0
Event: 0.481 loading class 0xb694cea0 done
Event: 0.481 loading class 0xb692c940 done


Dynamic libraries:
08048000-08049000 r-xp 00000000 08:0d 275339     /usr/lib/jvm/java-7-openjdk-i386/jre/bin/java
08049000-0804a000 r--p 00000000 08:0d 275339     /usr/lib/jvm/java-7-openjdk-i386/jre/bin/java
0804a000-0804b000 rw-p 00001000 08:0d 275339     /usr/lib/jvm/java-7-openjdk-i386/jre/bin/java
08bf1000-08c12000 rw-p 00000000 00:00 0          [heap]
91532000-91559000 rw-p 00000000 00:00 0 
91559000-91630000 r--s 013f2000 08:0d 1732057    /home/mindsonic/adt/sdk/platforms/android-19/android.jar
91630000-91637000 rw-p 00000000 00:00 0 
91637000-91651000 rw-p 00000000 00:00 0 
91651000-91657000 rw-p 00000000 00:00 0 
91657000-916f7000 rw-p 00000000 00:00 0 
916f7000-916fa000 rw-p 00000000 00:00 0 
916fa000-91749000 rw-p 00000000 00:00 0 
91749000-9174f000 rw-p 00000000 00:00 0 
9174f000-917ef000 rw-p 00000000 00:00 0 
917ef000-917f5000 rw-p 00000000 00:00 0 
917f5000-9180f000 rw-p 00000000 00:00 0 
9180f000-91d30000 rw-p 00000000 00:00 0 
91d30000-9bd60000 rw-p 00000000 00:00 0 
9bd60000-9c7c0000 rw-p 00000000 00:00 0 
9c7c0000-b0810000 rw-p 00000000 00:00 0 
b0810000-b1410000 rw-p 00000000 00:00 0 
b1410000-b4810000 rw-p 00000000 00:00 0 
b4818000-b4819000 rw-p 00000000 00:00 0 
b4819000-b4898000 rw-p 00000000 00:00 0 
b4898000-b48c8000 rwxp 00000000 00:00 0 
b48c8000-b6898000 rw-p 00000000 00:00 0 
b6898000-b68a0000 r-xp 00000000 08:0d 276401     /usr/lib/jvm/java-7-openjdk-i386/jre/lib/i386/libzip.so
b68a0000-b68a1000 r--p 00007000 08:0d 276401     /usr/lib/jvm/java-7-openjdk-i386/jre/lib/i386/libzip.so
b68a1000-b68a2000 rw-p 00008000 08:0d 276401     /usr/lib/jvm/java-7-openjdk-i386/jre/lib/i386/libzip.so
b68a2000-b68d7000 r--s 00000000 08:0d 543786     /var/cache/nscd/passwd
b68d7000-b68fe000 r-xp 00000000 08:0d 276397     /usr/lib/jvm/java-7-openjdk-i386/jre/lib/i386/libjava.so
b68fe000-b68ff000 r--p 00026000 08:0d 276397     /usr/lib/jvm/java-7-openjdk-i386/jre/lib/i386/libjava.so
b68ff000-b6900000 rw-p 00027000 08:0d 276397     /usr/lib/jvm/java-7-openjdk-i386/jre/lib/i386/libjava.so
b6900000-b6957000 rw-p 00000000 00:00 0 
b6957000-b6a00000 ---p 00000000 00:00 0 
b6a01000-b6a08000 r-xp 00000000 08:0d 1052357    /lib/i386-linux-gnu/librt-2.17.so
b6a08000-b6a09000 r--p 00006000 08:0d 1052357    /lib/i386-linux-gnu/librt-2.17.so
b6a09000-b6a0a000 rw-p 00007000 08:0d 1052357    /lib/i386-linux-gnu/librt-2.17.so
b6a0a000-b6a0d000 ---p 00000000 00:00 0 
b6a0d000-b6a5b000 rw-p 00000000 00:00 0          [stack:10440]
b6a5b000-b6a76000 r-xp 00000000 08:0d 1048641    /lib/i386-linux-gnu/libgcc_s.so.1
b6a76000-b6a77000 r--p 0001a000 08:0d 1048641    /lib/i386-linux-gnu/libgcc_s.so.1
b6a77000-b6a78000 rw-p 0001b000 08:0d 1048641    /lib/i386-linux-gnu/libgcc_s.so.1
b6a78000-b6ab9000 r-xp 00000000 08:0d 1056016    /lib/i386-linux-gnu/libm-2.17.so
b6ab9000-b6aba000 r--p 00040000 08:0d 1056016    /lib/i386-linux-gnu/libm-2.17.so
b6aba000-b6abb000 rw-p 00041000 08:0d 1056016    /lib/i386-linux-gnu/libm-2.17.so
b6abb000-b6b98000 r-xp 00000000 08:0d 1450294    /usr/lib/i386-linux-gnu/libstdc++.so.6.0.18
b6b98000-b6b9c000 r--p 000dc000 08:0d 1450294    /usr/lib/i386-linux-gnu/libstdc++.so.6.0.18
b6b9c000-b6b9d000 rw-p 000e0000 08:0d 1450294    /usr/lib/i386-linux-gnu/libstdc++.so.6.0.18
b6b9d000-b6ba4000 rw-p 00000000 00:00 0 
b6ba4000-b7179000 r-xp 00000000 08:0d 276731     /usr/lib/jvm/java-7-openjdk-i386/jre/lib/i386/client/libjvm.so
b7179000-b718e000 r--p 005d4000 08:0d 276731     /usr/lib/jvm/java-7-openjdk-i386/jre/lib/i386/client/libjvm.so
b718e000-b719d000 rw-p 005e9000 08:0d 276731     /usr/lib/jvm/java-7-openjdk-i386/jre/lib/i386/client/libjvm.so
b719d000-b75b8000 rw-p 00000000 00:00 0 
b75b8000-b75d0000 r-xp 00000000 08:0d 1048945    /lib/i386-linux-gnu/libz.so.1.2.8
b75d0000-b75d1000 r--p 00017000 08:0d 1048945    /lib/i386-linux-gnu/libz.so.1.2.8
b75d1000-b75d2000 rw-p 00018000 08:0d 1048945    /lib/i386-linux-gnu/libz.so.1.2.8
b75d2000-b75e9000 r-xp 00000000 08:0d 1056015    /lib/i386-linux-gnu/libpthread-2.17.so
b75e9000-b75ea000 r--p 00016000 08:0d 1056015    /lib/i386-linux-gnu/libpthread-2.17.so
b75ea000-b75eb000 rw-p 00017000 08:0d 1056015    /lib/i386-linux-gnu/libpthread-2.17.so
b75eb000-b75ed000 rw-p 00000000 00:00 0 
b75ed000-b75f0000 r-xp 00000000 08:0d 1056011    /lib/i386-linux-gnu/libdl-2.17.so
b75f0000-b75f1000 r--p 00002000 08:0d 1056011    /lib/i386-linux-gnu/libdl-2.17.so
b75f1000-b75f2000 rw-p 00003000 08:0d 1056011    /lib/i386-linux-gnu/libdl-2.17.so
b75f2000-b77a0000 r-xp 00000000 08:0d 1056010    /lib/i386-linux-gnu/libc-2.17.so
b77a0000-b77a2000 r--p 001ae000 08:0d 1056010    /lib/i386-linux-gnu/libc-2.17.so
b77a2000-b77a3000 rw-p 001b0000 08:0d 1056010    /lib/i386-linux-gnu/libc-2.17.so
b77a3000-b77a6000 rw-p 00000000 00:00 0 
b77a6000-b77ae000 rw-s 00000000 08:0d 1180359    /tmp/hsperfdata_mindsonic/10431
b77ae000-b77af000 rw-p 00000000 00:00 0 
b77af000-b77b0000 r--p 00000000 00:00 0 
b77b0000-b77be000 r-xp 00000000 08:0d 277979     /usr/lib/jvm/java-7-openjdk-i386/jre/lib/i386/libverify.so
b77be000-b77bf000 r--p 0000d000 08:0d 277979     /usr/lib/jvm/java-7-openjdk-i386/jre/lib/i386/libverify.so
b77bf000-b77c0000 rw-p 0000e000 08:0d 277979     /usr/lib/jvm/java-7-openjdk-i386/jre/lib/i386/libverify.so
b77c0000-b77cc000 r-xp 00000000 08:0d 277062     /usr/lib/jvm/java-7-openjdk-i386/jre/lib/i386/jli/libjli.so
b77cc000-b77cd000 r--p 0000b000 08:0d 277062     /usr/lib/jvm/java-7-openjdk-i386/jre/lib/i386/jli/libjli.so
b77cd000-b77ce000 rw-p 0000c000 08:0d 277062     /usr/lib/jvm/java-7-openjdk-i386/jre/lib/i386/jli/libjli.so
b77ce000-b77d1000 rw-p 00000000 00:00 0 
b77d1000-b77d2000 r-xp 00000000 00:00 0          [vdso]
b77d2000-b77f2000 r-xp 00000000 08:0d 1056006    /lib/i386-linux-gnu/ld-2.17.so
b77f2000-b77f3000 r--p 0001f000 08:0d 1056006    /lib/i386-linux-gnu/ld-2.17.so
b77f3000-b77f4000 rw-p 00020000 08:0d 1056006    /lib/i386-linux-gnu/ld-2.17.so
bfc0c000-bfc2d000 rw-p 00000000 00:00 0          [stack]

VM Arguments:
jvm_args: -Dfile.encoding=UTF-8 -Xbootclasspath:/home/mindsonic/adt/sdk/platforms/android-19/android.jar 
java_command: tk.agarsia.tictac2.model.DemoMain
Launcher Type: SUN_STANDARD

Environment Variables:
PATH=/usr/lib/lightdm/lightdm:/usr/local/sbin:/usr/local/bin:/usr/sbin:/usr/bin:/sbin:/bin:/usr/games:/usr/local/games
LD_LIBRARY_PATH=/usr/lib/jvm/java-7-openjdk-i386/jre/lib/i386/client:/usr/lib/jvm/java-7-openjdk-i386/jre/lib/i386:
SHELL=/bin/bash
DISPLAY=:0

Signal Handlers:
SIGSEGV: [libjvm.so+0x4a4ad0], sa_mask[0]=0x7ffbfeff, sa_flags=0x10000004
SIGBUS: [libjvm.so+0x4a4ad0], sa_mask[0]=0x7ffbfeff, sa_flags=0x10000004
SIGFPE: [libjvm.so+0x3a0a00], sa_mask[0]=0x7ffbfeff, sa_flags=0x10000004
SIGPIPE: [libjvm.so+0x3a0a00], sa_mask[0]=0x7ffbfeff, sa_flags=0x10000004
SIGXFSZ: [libjvm.so+0x3a0a00], sa_mask[0]=0x7ffbfeff, sa_flags=0x10000004
SIGILL: [libjvm.so+0x3a0a00], sa_mask[0]=0x7ffbfeff, sa_flags=0x10000004
SIGUSR1: SIG_DFL, sa_mask[0]=0x00000000, sa_flags=0x00000000
SIGUSR2: [libjvm.so+0x3a0750], sa_mask[0]=0x00000004, sa_flags=0x10000004
SIGHUP: SIG_DFL, sa_mask[0]=0x00000000, sa_flags=0x00000000
SIGINT: SIG_DFL, sa_mask[0]=0x00000000, sa_flags=0x00000000
SIGTERM: SIG_DFL, sa_mask[0]=0x00000000, sa_flags=0x00000000
SIGQUIT: SIG_DFL, sa_mask[0]=0x00000000, sa_flags=0x00000000


---------------  S Y S T E M  ---------------

OS:Ubuntu 13.10 (saucy)
uname:Linux 3.11.0-14-generic #21-Ubuntu SMP Tue Nov 12 17:07:40 UTC 2013 i686
libc:glibc 2.17 NPTL 2.17 
rlimit: STACK 8192k, CORE 0k, NPROC 7796, NOFILE 4096, AS infinity
load average:0.76 0.68 0.49

/proc/meminfo:
MemTotal:        1015432 kB
MemFree:           69740 kB
Buffers:           12004 kB
Cached:           283044 kB
SwapCached:        90632 kB
Active:           374940 kB
Inactive:         486444 kB
Active(anon):     294016 kB
Inactive(anon):   360908 kB
Active(file):      80924 kB
Inactive(file):   125536 kB
Unevictable:         120 kB
Mlocked:             120 kB
HighTotal:        124192 kB
HighFree:           1660 kB
LowTotal:         891240 kB
LowFree:           68080 kB
SwapTotal:       4194300 kB
SwapFree:        3497892 kB
Dirty:               180 kB
Writeback:             0 kB
AnonPages:        535492 kB
Mapped:            93192 kB
Shmem:             88512 kB
Slab:              44444 kB
SReclaimable:      23168 kB
SUnreclaim:        21276 kB
KernelStack:        5024 kB
PageTables:        15104 kB
NFS_Unstable:          0 kB
Bounce:                0 kB
WritebackTmp:          0 kB
CommitLimit:     4702016 kB
Committed_AS:    5150180 kB
VmallocTotal:     122880 kB
VmallocUsed:       10108 kB
VmallocChunk:     110188 kB
HardwareCorrupted:     0 kB
AnonHugePages:         0 kB
HugePages_Total:       0
HugePages_Free:        0
HugePages_Rsvd:        0
HugePages_Surp:        0
Hugepagesize:       2048 kB
DirectMap4k:       26616 kB
DirectMap2M:      886784 kB


CPU:total 2 (1 cores per cpu, 2 threads per core) family 6 model 28 stepping 10, cmov, cx8, fxsr, mmx, sse, sse2, sse3, ssse3, ht, tsc

/proc/cpuinfo:
processor	: 0
vendor_id	: GenuineIntel
cpu family	: 6
model		: 28
model name	: Intel(R) Atom(TM) CPU N450   @ 1.66GHz
stepping	: 10
microcode	: 0x107
cpu MHz		: 1667.000
cache size	: 512 KB
physical id	: 0
siblings	: 2
core id		: 0
cpu cores	: 1
apicid		: 0
initial apicid	: 0
fdiv_bug	: no
f00f_bug	: no
coma_bug	: no
fpu		: yes
fpu_exception	: yes
cpuid level	: 10
wp		: yes
flags		: fpu vme de pse tsc msr pae mce cx8 apic sep mtrr pge mca cmov pat clflush dts acpi mmx fxsr sse sse2 ss ht tm pbe nx lm constant_tsc arch_perfmon pebs bts aperfmperf pni dtes64 monitor ds_cpl est tm2 ssse3 cx16 xtpr pdcm movbe lahf_lm dtherm
bogomips	: 3424.91
clflush size	: 64
cache_alignment	: 64
address sizes	: 32 bits physical, 48 bits virtual
power management:

processor	: 1
vendor_id	: GenuineIntel
cpu family	: 6
model		: 28
model name	: Intel(R) Atom(TM) CPU N450   @ 1.66GHz
stepping	: 10
microcode	: 0x107
cpu MHz		: 1000.000
cache size	: 512 KB
physical id	: 0
siblings	: 2
core id		: 0
cpu cores	: 1
apicid		: 1
initial apicid	: 1
fdiv_bug	: no
f00f_bug	: no
coma_bug	: no
fpu		: yes
fpu_exception	: yes
cpuid level	: 10
wp		: yes
flags		: fpu vme de pse tsc msr pae mce cx8 apic sep mtrr pge mca cmov pat clflush dts acpi mmx fxsr sse sse2 ss ht tm pbe nx lm constant_tsc arch_perfmon pebs bts aperfmperf pni dtes64 monitor ds_cpl est tm2 ssse3 cx16 xtpr pdcm movbe lahf_lm dtherm
bogomips	: 3424.91
clflush size	: 64
cache_alignment	: 64
address sizes	: 32 bits physical, 48 bits virtual
power management:



Memory: 4k page, physical 1015432k(69740k free), swap 4194300k(3497892k free)

vm_info: OpenJDK Client VM (23.7-b01) for linux-x86 JRE (1.7.0_25-b30), built on Oct 11 2013 18:15:15 by "buildd" with gcc 4.8.1

time: Sat Nov 23 16:09:57 2013
elapsed time: 0 seconds

