#
# A fatal error has been detected by the Java Runtime Environment:
#
#  Internal Error (javaClasses.cpp:129), pid=10157, tid=3063565120
#  fatal error: Invalid layout of preloaded class
#
# JRE version: 7.0_25-b30
# Java VM: OpenJDK Client VM (23.7-b01 mixed mode linux-x86 )
# Failed to write core dump. Core dumps have been disabled. To enable core dumping, try "ulimit -c unlimited" before starting Java again
#
# If you would like to submit a bug report, please include
# instructions on how to reproduce the bug and visit:
#   https://bugs.launchpad.net/ubuntu/+source/openjdk-7/
#

---------------  T H R E A D  ---------------

Current thread (0xb6805400):  JavaThread "Unknown thread" [_thread_in_vm, id=10163, stack(0xb6954000,0xb69a5000)]

Stack: [0xb6954000,0xb69a5000]

---------------  P R O C E S S  ---------------

Java Threads: ( => current thread )

Other Threads:

=>0xb6805400 (exited) JavaThread "Unknown thread" [_thread_in_vm, id=10163, stack(0xb6954000,0xb69a5000)]

VM state:not at safepoint (not fully initialized)

VM Mutex/Monitor currently owned by a thread: None

GC Heap History (0 events):
No events

Deoptimization events (0 events):
No events

Internal exceptions (0 events):
No events

Events (10 events):
Event: 0.567 loading class 0xb682d028 done
Event: 0.567 loading class 0xb682c968 done
Event: 0.567 loading class 0xb682c940
Event: 0.568 loading class 0xb684ce30
Event: 0.568 loading class 0xb684ce30 done
Event: 0.568 loading class 0xb684ce68
Event: 0.568 loading class 0xb684ce68 done
Event: 0.568 loading class 0xb684cea0
Event: 0.568 loading class 0xb684cea0 done
Event: 0.569 loading class 0xb682c940 done


Dynamic libraries:
08048000-08049000 r-xp 00000000 08:0d 275339     /usr/lib/jvm/java-7-openjdk-i386/jre/bin/java
08049000-0804a000 r--p 00000000 08:0d 275339     /usr/lib/jvm/java-7-openjdk-i386/jre/bin/java
0804a000-0804b000 rw-p 00001000 08:0d 275339     /usr/lib/jvm/java-7-openjdk-i386/jre/bin/java
09455000-09476000 rw-p 00000000 00:00 0          [heap]
91462000-91489000 rw-p 00000000 00:00 0 
91489000-91560000 r--s 013f2000 08:0d 1732057    /home/mindsonic/adt/sdk/platforms/android-19/android.jar
91560000-91567000 rw-p 00000000 00:00 0 
91567000-91581000 rw-p 00000000 00:00 0 
91581000-91587000 rw-p 00000000 00:00 0 
91587000-91627000 rw-p 00000000 00:00 0 
91627000-9162a000 rw-p 00000000 00:00 0 
9162a000-91679000 rw-p 00000000 00:00 0 
91679000-9167f000 rw-p 00000000 00:00 0 
9167f000-9171f000 rw-p 00000000 00:00 0 
9171f000-91725000 rw-p 00000000 00:00 0 
91725000-9173f000 rw-p 00000000 00:00 0 
9173f000-91c60000 rw-p 00000000 00:00 0 
91c60000-9bc90000 rw-p 00000000 00:00 0 
9bc90000-9c6f0000 rw-p 00000000 00:00 0 
9c6f0000-b0740000 rw-p 00000000 00:00 0 
b0740000-b1340000 rw-p 00000000 00:00 0 
b1340000-b4740000 rw-p 00000000 00:00 0 
b474b000-b474c000 rw-p 00000000 00:00 0 
b474c000-b47cb000 rw-p 00000000 00:00 0 
b47cb000-b47fb000 rwxp 00000000 00:00 0 
b47fb000-b67cb000 rw-p 00000000 00:00 0 
b67cb000-b6800000 r--s 00000000 08:0d 543786     /var/cache/nscd/passwd
b6800000-b6857000 rw-p 00000000 00:00 0 
b6857000-b6900000 ---p 00000000 00:00 0 
b6918000-b6920000 r-xp 00000000 08:0d 276401     /usr/lib/jvm/java-7-openjdk-i386/jre/lib/i386/libzip.so
b6920000-b6921000 r--p 00007000 08:0d 276401     /usr/lib/jvm/java-7-openjdk-i386/jre/lib/i386/libzip.so
b6921000-b6922000 rw-p 00008000 08:0d 276401     /usr/lib/jvm/java-7-openjdk-i386/jre/lib/i386/libzip.so
b6922000-b6949000 r-xp 00000000 08:0d 276397     /usr/lib/jvm/java-7-openjdk-i386/jre/lib/i386/libjava.so
b6949000-b694a000 r--p 00026000 08:0d 276397     /usr/lib/jvm/java-7-openjdk-i386/jre/lib/i386/libjava.so
b694a000-b694b000 rw-p 00027000 08:0d 276397     /usr/lib/jvm/java-7-openjdk-i386/jre/lib/i386/libjava.so
b694b000-b6952000 r-xp 00000000 08:0d 1052357    /lib/i386-linux-gnu/librt-2.17.so
b6952000-b6953000 r--p 00006000 08:0d 1052357    /lib/i386-linux-gnu/librt-2.17.so
b6953000-b6954000 rw-p 00007000 08:0d 1052357    /lib/i386-linux-gnu/librt-2.17.so
b6954000-b6957000 ---p 00000000 00:00 0 
b6957000-b69a5000 rw-p 00000000 00:00 0          [stack:10163]
b69a5000-b69c0000 r-xp 00000000 08:0d 1048641    /lib/i386-linux-gnu/libgcc_s.so.1
b69c0000-b69c1000 r--p 0001a000 08:0d 1048641    /lib/i386-linux-gnu/libgcc_s.so.1
b69c1000-b69c2000 rw-p 0001b000 08:0d 1048641    /lib/i386-linux-gnu/libgcc_s.so.1
b69c2000-b6a03000 r-xp 00000000 08:0d 1056016    /lib/i386-linux-gnu/libm-2.17.so
b6a03000-b6a04000 r--p 00040000 08:0d 1056016    /lib/i386-linux-gnu/libm-2.17.so
b6a04000-b6a05000 rw-p 00041000 08:0d 1056016    /lib/i386-linux-gnu/libm-2.17.so
b6a05000-b6ae2000 r-xp 00000000 08:0d 1450294    /usr/lib/i386-linux-gnu/libstdc++.so.6.0.18
b6ae2000-b6ae6000 r--p 000dc000 08:0d 1450294    /usr/lib/i386-linux-gnu/libstdc++.so.6.0.18
b6ae6000-b6ae7000 rw-p 000e0000 08:0d 1450294    /usr/lib/i386-linux-gnu/libstdc++.so.6.0.18
b6ae7000-b6aee000 rw-p 00000000 00:00 0 
b6aee000-b70c3000 r-xp 00000000 08:0d 276731     /usr/lib/jvm/java-7-openjdk-i386/jre/lib/i386/client/libjvm.so
b70c3000-b70d8000 r--p 005d4000 08:0d 276731     /usr/lib/jvm/java-7-openjdk-i386/jre/lib/i386/client/libjvm.so
b70d8000-b70e7000 rw-p 005e9000 08:0d 276731     /usr/lib/jvm/java-7-openjdk-i386/jre/lib/i386/client/libjvm.so
b70e7000-b7502000 rw-p 00000000 00:00 0 
b7502000-b751a000 r-xp 00000000 08:0d 1048945    /lib/i386-linux-gnu/libz.so.1.2.8
b751a000-b751b000 r--p 00017000 08:0d 1048945    /lib/i386-linux-gnu/libz.so.1.2.8
b751b000-b751c000 rw-p 00018000 08:0d 1048945    /lib/i386-linux-gnu/libz.so.1.2.8
b751c000-b7533000 r-xp 00000000 08:0d 1056015    /lib/i386-linux-gnu/libpthread-2.17.so
b7533000-b7534000 r--p 00016000 08:0d 1056015    /lib/i386-linux-gnu/libpthread-2.17.so
b7534000-b7535000 rw-p 00017000 08:0d 1056015    /lib/i386-linux-gnu/libpthread-2.17.so
b7535000-b7537000 rw-p 00000000 00:00 0 
b7537000-b753a000 r-xp 00000000 08:0d 1056011    /lib/i386-linux-gnu/libdl-2.17.so
b753a000-b753b000 r--p 00002000 08:0d 1056011    /lib/i386-linux-gnu/libdl-2.17.so
b753b000-b753c000 rw-p 00003000 08:0d 1056011    /lib/i386-linux-gnu/libdl-2.17.so
b753c000-b76ea000 r-xp 00000000 08:0d 1056010    /lib/i386-linux-gnu/libc-2.17.so
b76ea000-b76ec000 r--p 001ae000 08:0d 1056010    /lib/i386-linux-gnu/libc-2.17.so
b76ec000-b76ed000 rw-p 001b0000 08:0d 1056010    /lib/i386-linux-gnu/libc-2.17.so
b76ed000-b76f0000 rw-p 00000000 00:00 0 
b76f0000-b76f8000 rw-s 00000000 08:0d 1180359    /tmp/hsperfdata_mindsonic/10157
b76f8000-b76f9000 rw-p 00000000 00:00 0 
b76f9000-b76fa000 r--p 00000000 00:00 0 
b76fa000-b7708000 r-xp 00000000 08:0d 277979     /usr/lib/jvm/java-7-openjdk-i386/jre/lib/i386/libverify.so
b7708000-b7709000 r--p 0000d000 08:0d 277979     /usr/lib/jvm/java-7-openjdk-i386/jre/lib/i386/libverify.so
b7709000-b770a000 rw-p 0000e000 08:0d 277979     /usr/lib/jvm/java-7-openjdk-i386/jre/lib/i386/libverify.so
b770a000-b7716000 r-xp 00000000 08:0d 277062     /usr/lib/jvm/java-7-openjdk-i386/jre/lib/i386/jli/libjli.so
b7716000-b7717000 r--p 0000b000 08:0d 277062     /usr/lib/jvm/java-7-openjdk-i386/jre/lib/i386/jli/libjli.so
b7717000-b7718000 rw-p 0000c000 08:0d 277062     /usr/lib/jvm/java-7-openjdk-i386/jre/lib/i386/jli/libjli.so
b7718000-b771b000 rw-p 00000000 00:00 0 
b771b000-b771c000 r-xp 00000000 00:00 0          [vdso]
b771c000-b773c000 r-xp 00000000 08:0d 1056006    /lib/i386-linux-gnu/ld-2.17.so
b773c000-b773d000 r--p 0001f000 08:0d 1056006    /lib/i386-linux-gnu/ld-2.17.so
b773d000-b773e000 rw-p 00020000 08:0d 1056006    /lib/i386-linux-gnu/ld-2.17.so
bf822000-bf843000 rw-p 00000000 00:00 0          [stack]

VM Arguments:
jvm_args: -Dfile.encoding=UTF-8 -Xbootclasspath:/home/mindsonic/adt/sdk/platforms/android-19/android.jar 
java_command: tk.agarsia.tictac2.model.DemoMain
Launcher Type: SUN_STANDARD

Environment Variables:
PATH=/usr/lib/lightdm/lightdm:/usr/local/sbin:/usr/local/bin:/usr/sbin:/usr/bin:/sbin:/bin:/usr/games:/usr/local/games
LD_LIBRARY_PATH=/usr/lib/jvm/java-7-openjdk-i386/jre/lib/i386/client:/usr/lib/jvm/java-7-openjdk-i386/jre/lib/i386:
SHELL=/bin/bash
DISPLAY=:0

Signal Handlers:
SIGSEGV: [libjvm.so+0x4a4ad0], sa_mask[0]=0x7ffbfeff, sa_flags=0x10000004
SIGBUS: [libjvm.so+0x4a4ad0], sa_mask[0]=0x7ffbfeff, sa_flags=0x10000004
SIGFPE: [libjvm.so+0x3a0a00], sa_mask[0]=0x7ffbfeff, sa_flags=0x10000004
SIGPIPE: [libjvm.so+0x3a0a00], sa_mask[0]=0x7ffbfeff, sa_flags=0x10000004
SIGXFSZ: [libjvm.so+0x3a0a00], sa_mask[0]=0x7ffbfeff, sa_flags=0x10000004
SIGILL: [libjvm.so+0x3a0a00], sa_mask[0]=0x7ffbfeff, sa_flags=0x10000004
SIGUSR1: SIG_DFL, sa_mask[0]=0x00000000, sa_flags=0x00000000
SIGUSR2: [libjvm.so+0x3a0750], sa_mask[0]=0x00000004, sa_flags=0x10000004
SIGHUP: SIG_DFL, sa_mask[0]=0x00000000, sa_flags=0x00000000
SIGINT: SIG_DFL, sa_mask[0]=0x00000000, sa_flags=0x00000000
SIGTERM: SIG_DFL, sa_mask[0]=0x00000000, sa_flags=0x00000000
SIGQUIT: SIG_DFL, sa_mask[0]=0x00000000, sa_flags=0x00000000


---------------  S Y S T E M  ---------------

OS:Ubuntu 13.10 (saucy)
uname:Linux 3.11.0-14-generic #21-Ubuntu SMP Tue Nov 12 17:07:40 UTC 2013 i686
libc:glibc 2.17 NPTL 2.17 
rlimit: STACK 8192k, CORE 0k, NPROC 7796, NOFILE 4096, AS infinity
load average:1.60 0.80 0.71

/proc/meminfo:
MemTotal:        1015432 kB
MemFree:           77092 kB
Buffers:            8992 kB
Cached:           186788 kB
SwapCached:        96492 kB
Active:           428788 kB
Inactive:         427128 kB
Active(anon):     374320 kB
Inactive(anon):   374932 kB
Active(file):      54468 kB
Inactive(file):    52196 kB
Unevictable:         120 kB
Mlocked:             120 kB
HighTotal:        124192 kB
HighFree:           3084 kB
LowTotal:         891240 kB
LowFree:           74008 kB
SwapTotal:       4194300 kB
SwapFree:        3539104 kB
Dirty:               408 kB
Writeback:             0 kB
AnonPages:        621968 kB
Mapped:            81952 kB
Shmem:             88944 kB
Slab:              42228 kB
SReclaimable:      21312 kB
SUnreclaim:        20916 kB
KernelStack:        4848 kB
PageTables:        15072 kB
NFS_Unstable:          0 kB
Bounce:                0 kB
WritebackTmp:          0 kB
CommitLimit:     4702016 kB
Committed_AS:    5189720 kB
VmallocTotal:     122880 kB
VmallocUsed:       10108 kB
VmallocChunk:     110188 kB
HardwareCorrupted:     0 kB
AnonHugePages:         0 kB
HugePages_Total:       0
HugePages_Free:        0
HugePages_Rsvd:        0
HugePages_Surp:        0
Hugepagesize:       2048 kB
DirectMap4k:       26616 kB
DirectMap2M:      886784 kB


CPU:total 2 (1 cores per cpu, 2 threads per core) family 6 model 28 stepping 10, cmov, cx8, fxsr, mmx, sse, sse2, sse3, ssse3, ht, tsc

/proc/cpuinfo:
processor	: 0
vendor_id	: GenuineIntel
cpu family	: 6
model		: 28
model name	: Intel(R) Atom(TM) CPU N450   @ 1.66GHz
stepping	: 10
microcode	: 0x107
cpu MHz		: 1667.000
cache size	: 512 KB
physical id	: 0
siblings	: 2
core id		: 0
cpu cores	: 1
apicid		: 0
initial apicid	: 0
fdiv_bug	: no
f00f_bug	: no
coma_bug	: no
fpu		: yes
fpu_exception	: yes
cpuid level	: 10
wp		: yes
flags		: fpu vme de pse tsc msr pae mce cx8 apic sep mtrr pge mca cmov pat clflush dts acpi mmx fxsr sse sse2 ss ht tm pbe nx lm constant_tsc arch_perfmon pebs bts aperfmperf pni dtes64 monitor ds_cpl est tm2 ssse3 cx16 xtpr pdcm movbe lahf_lm dtherm
bogomips	: 3424.91
clflush size	: 64
cache_alignment	: 64
address sizes	: 32 bits physical, 48 bits virtual
power management:

processor	: 1
vendor_id	: GenuineIntel
cpu family	: 6
model		: 28
model name	: Intel(R) Atom(TM) CPU N450   @ 1.66GHz
stepping	: 10
microcode	: 0x107
cpu MHz		: 1667.000
cache size	: 512 KB
physical id	: 0
siblings	: 2
core id		: 0
cpu cores	: 1
apicid		: 1
initial apicid	: 1
fdiv_bug	: no
f00f_bug	: no
coma_bug	: no
fpu		: yes
fpu_exception	: yes
cpuid level	: 10
wp		: yes
flags		: fpu vme de pse tsc msr pae mce cx8 apic sep mtrr pge mca cmov pat clflush dts acpi mmx fxsr sse sse2 ss ht tm pbe nx lm constant_tsc arch_perfmon pebs bts aperfmperf pni dtes64 monitor ds_cpl est tm2 ssse3 cx16 xtpr pdcm movbe lahf_lm dtherm
bogomips	: 3424.91
clflush size	: 64
cache_alignment	: 64
address sizes	: 32 bits physical, 48 bits virtual
power management:



Memory: 4k page, physical 1015432k(77160k free), swap 4194300k(3538884k free)

vm_info: OpenJDK Client VM (23.7-b01) for linux-x86 JRE (1.7.0_25-b30), built on Oct 11 2013 18:15:15 by "buildd" with gcc 4.8.1

time: Sat Nov 23 15:35:37 2013
elapsed time: 0 seconds

